<?xml version="1.0" encoding="UTF-8" ?>
<testsuite failures="0" time="0.158" errors="0" skipped="0" tests="9" name="objectmapper.ObjectMapperTest">
  <properties>
[...]
</properties>
  <testcase time="0.029" classname="objectmapper.ObjectMapperTest" name="introspection"/>
  <testcase time="0" classname="objectmapper.ObjectMapperTest" name="objectToGivenMap"/>
  <testcase time="0" classname="objectmapper.ObjectMapperTest" name="objectToStringMap"/>
  <testcase time="0" classname="objectmapper.ObjectMapperTest" name="testCsvResource"/>
  <testcase time="0" classname="objectmapper.ObjectMapperTest" name="commonsLang"/>
  <testcase time="0" classname="objectmapper.ObjectMapperTest" name="objectToMap"/>
  <testcase time="0.012" classname="objectmapper.ObjectMapperTest" name="mapToObject2"/>
  <testcase time="0" classname="objectmapper.ObjectMapperTest" name="mapToObject"/>
  <testcase time="0.001" classname="objectmapper.ObjectMapperTest" name="test"/>
</testsuite>